=== ERROR LOGS ===

--- ADDRESS: EQBzNM5FZJ48C5sr55s4GZ-CZYlY3PftXauxdfUy11iEgpZL ---
ERROR: Recursive CALLDICT detected for method 55
> Task :buildSrc:checkKotlinGradlePluginConfigurationErrors
> Task :buildSrc:generateExternalPluginSpecBuilders UP-TO-DATE
> Task :buildSrc:extractPrecompiledScriptPluginPlugins UP-TO-DATE
> Task :buildSrc:compilePluginsBlocks UP-TO-DATE
> Task :buildSrc:generatePrecompiledScriptPluginAccessors UP-TO-DATE
> Task :buildSrc:generateScriptPluginAdapters UP-TO-DATE
> Task :buildSrc:compileKotlin UP-TO-DATE
> Task :buildSrc:compileJava NO-SOURCE
> Task :buildSrc:compileGroovy NO-SOURCE
> Task :buildSrc:pluginDescriptors UP-TO-DATE
> Task :buildSrc:processResources UP-TO-DATE
> Task :buildSrc:classes UP-TO-DATE
> Task :buildSrc:jar UP-TO-DATE
> Task :tvm-disasm:checkKotlinGradlePluginConfigurationErrors SKIPPED
> Task :tvm-disasm:compileKotlin UP-TO-DATE
> Task :tvm-disasm:compileJava NO-SOURCE
> Task :tvm-disasm:processResources UP-TO-DATE
> Task :tvm-disasm:classes UP-TO-DATE
> Task :tvm-disasm:jar UP-TO-DATE
> Task :tvm-disasm-cli:checkKotlinGradlePluginConfigurationErrors SKIPPED
> Task :tvm-disasm:generateInstructionsKt
> Task :tvm-opcodes:checkKotlinGradlePluginConfigurationErrors SKIPPED
> Task :tvm-opcodes:compileKotlin UP-TO-DATE
> Task :tvm-opcodes:compileJava NO-SOURCE
> Task :tvm-tac:checkKotlinGradlePluginConfigurationErrors SKIPPED
> Task :tvm-tac:compileKotlin UP-TO-DATE
> Task :tvm-tac:compileJava NO-SOURCE
> Task :tvm-utils:checkKotlinGradlePluginConfigurationErrors SKIPPED
> Task :tvm-utils:compileKotlin UP-TO-DATE
> Task :tvm-utils:compileJava NO-SOURCE
> Task :tvm-disasm-cli:compileKotlin UP-TO-DATE
> Task :tvm-disasm-cli:compileJava NO-SOURCE
> Task :tvm-disasm-cli:processResources UP-TO-DATE
> Task :tvm-disasm-cli:classes UP-TO-DATE
> Task :tvm-opcodes:processResources UP-TO-DATE
> Task :tvm-opcodes:classes UP-TO-DATE
> Task :tvm-opcodes:jar UP-TO-DATE
> Task :tvm-tac:processResources NO-SOURCE
> Task :tvm-tac:classes UP-TO-DATE
> Task :tvm-tac:jar UP-TO-DATE
> Task :tvm-utils:processResources NO-SOURCE
> Task :tvm-utils:classes UP-TO-DATE
> Task :tvm-utils:jar UP-TO-DATE

> Task :tvm-disasm-cli:run

> Task :tvm-disasm-cli:run FAILED
24 actionable tasks: 3 executed, 21 up-to-date
Exception in thread "main" java.lang.IllegalStateException: Recursive CALLDICT detected for method 55
	at org.ton.tac.ContinuationKt.processCallDict(Continuation.kt:81)
	at org.ton.tac.CallDictHandler.handle(TacInstructionHandlers.kt:483)
	at org.ton.tac.TacGenerationKt.processInstruction(TacGeneration.kt:99)
	at org.ton.tac.TacGenerationKt.generateTacCodeBlock(TacGeneration.kt:43)
	at org.ton.tac.TacGenerationKt.generateTacCodeBlock$default(TacGeneration.kt:27)
	at org.ton.tac.ContinuationKt.extractOperandContinuations(Continuation.kt:44)
	at org.ton.tac.PushContHandler.handle(TacInstructionHandlers.kt:443)
	at org.ton.tac.TacGenerationKt.processInstruction(TacGeneration.kt:99)
	at org.ton.tac.TacGenerationKt.generateTacCodeBlock(TacGeneration.kt:43)
	at org.ton.tac.TacGenerationKt.generateTacCodeBlock$default(TacGeneration.kt:27)
	at org.ton.tac.ContinuationKt.processCallDict(Continuation.kt:85)
	at org.ton.tac.CallDictHandler.handle(TacInstructionHandlers.kt:483)
	at org.ton.tac.TacGenerationKt.processInstruction(TacGeneration.kt:99)
	at org.ton.tac.TacGenerationKt.generateTacCodeBlock(TacGeneration.kt:43)
	at org.ton.tac.TacGenerationKt.generateTacCodeBlock$default(TacGeneration.kt:27)
	at org.ton.tac.ContinuationKt.extractOperandContinuations(Continuation.kt:44)
	at org.ton.tac.PushContHandler.handle(TacInstructionHandlers.kt:443)
	at org.ton.tac.TacGenerationKt.processInstruction(TacGeneration.kt:99)
	at org.ton.tac.TacGenerationKt.generateTacCodeBlock(TacGeneration.kt:43)
	at org.ton.tac.TacGenerationKt.generateTacCodeBlock$default(TacGeneration.kt:27)
	at org.ton.tac.TacGenerationKt.generateTacContractCodeInternal(TacGeneration.kt:512)
	at org.ton.tac.TacGenerationKt.generateTacContractCode(TacGeneration.kt:531)
	at org.ton.disasm.TacDisassemblerCommand.run(Main.kt:136)
	at com.github.ajalt.clikt.parsers.Parser.finalizeAndRun(Parser.kt:348)
	at com.github.ajalt.clikt.parsers.Parser.parse(Parser.kt:218)
	at com.github.ajalt.clikt.parsers.Parser.parse(Parser.kt:245)
	at com.github.ajalt.clikt.parsers.Parser.parse(Parser.kt:42)
	at com.github.ajalt.clikt.core.CliktCommand.parse(CliktCommand.kt:457)
	at com.github.ajalt.clikt.core.CliktCommand.parse$default(CliktCommand.kt:454)
	at com.github.ajalt.clikt.core.CliktCommand.main(CliktCommand.kt:474)
	at com.github.ajalt.clikt.core.CliktCommand.main(CliktCommand.kt:481)
	at org.ton.disasm.MainKt.main(Main.kt:152)

FAILURE: Build failed with an exception.

* What went wrong:
Execution failed for task ':tvm-disasm-cli:run'.
> Process 'command 'C:\Program Files\Java\jdk-21\bin\java.exe'' finished with non-zero exit value 1

* Try:
> Run with --stacktrace option to get the stack trace.
> Run with --info or --debug option to get more log output.
> Run with --scan to get full insights.
> Get more help at https://help.gradle.org.

BUILD FAILED in 18s

========================================

--- ADDRESS: EQBRQ9NoUeKEBX9M7CZAHG97FwXQr6hbm35QAU0vT54tCecm ---
ERROR: Exception in thread "main" kotlin.NotImplementedError: An operation is not implemented: in REPEAT branch isn't type variable
> Task :buildSrc:checkKotlinGradlePluginConfigurationErrors
> Task :buildSrc:generateExternalPluginSpecBuilders UP-TO-DATE
> Task :buildSrc:extractPrecompiledScriptPluginPlugins UP-TO-DATE
> Task :buildSrc:compilePluginsBlocks UP-TO-DATE
> Task :buildSrc:generatePrecompiledScriptPluginAccessors UP-TO-DATE
> Task :buildSrc:generateScriptPluginAdapters UP-TO-DATE
> Task :buildSrc:compileKotlin UP-TO-DATE
> Task :buildSrc:compileJava NO-SOURCE
> Task :buildSrc:compileGroovy NO-SOURCE
> Task :buildSrc:pluginDescriptors UP-TO-DATE
> Task :buildSrc:processResources UP-TO-DATE
> Task :buildSrc:classes UP-TO-DATE
> Task :buildSrc:jar UP-TO-DATE
> Task :tvm-disasm:checkKotlinGradlePluginConfigurationErrors SKIPPED
> Task :tvm-disasm:compileKotlin UP-TO-DATE
> Task :tvm-disasm:compileJava NO-SOURCE
> Task :tvm-disasm:processResources UP-TO-DATE
> Task :tvm-disasm:classes UP-TO-DATE
> Task :tvm-disasm:jar UP-TO-DATE
> Task :tvm-disasm-cli:checkKotlinGradlePluginConfigurationErrors SKIPPED
> Task :tvm-disasm:generateInstructionsKt
> Task :tvm-opcodes:checkKotlinGradlePluginConfigurationErrors SKIPPED
> Task :tvm-opcodes:compileKotlin UP-TO-DATE
> Task :tvm-opcodes:compileJava NO-SOURCE
> Task :tvm-tac:checkKotlinGradlePluginConfigurationErrors SKIPPED
> Task :tvm-tac:compileKotlin UP-TO-DATE
> Task :tvm-tac:compileJava NO-SOURCE
> Task :tvm-utils:checkKotlinGradlePluginConfigurationErrors SKIPPED
> Task :tvm-utils:compileKotlin UP-TO-DATE
> Task :tvm-utils:compileJava NO-SOURCE
> Task :tvm-disasm-cli:compileKotlin UP-TO-DATE
> Task :tvm-disasm-cli:compileJava NO-SOURCE
> Task :tvm-disasm-cli:processResources UP-TO-DATE
> Task :tvm-disasm-cli:classes UP-TO-DATE
> Task :tvm-opcodes:processResources UP-TO-DATE
> Task :tvm-opcodes:classes UP-TO-DATE
> Task :tvm-opcodes:jar UP-TO-DATE
> Task :tvm-tac:processResources NO-SOURCE
> Task :tvm-tac:classes UP-TO-DATE
> Task :tvm-tac:jar UP-TO-DATE
> Task :tvm-utils:processResources NO-SOURCE
> Task :tvm-utils:classes UP-TO-DATE
> Task :tvm-utils:jar UP-TO-DATE

> Task :tvm-disasm-cli:run

> Task :tvm-disasm-cli:run FAILED
24 actionable tasks: 3 executed, 21 up-to-date
Exception in thread "main" kotlin.NotImplementedError: An operation is not implemented: in REPEAT branch isn't type variable
	at org.ton.tac.ContinuationKt.throwErrorIfBranchesNotTypeVar(Continuation.kt:149)
	at org.ton.tac.TacGenerationKt.handleBranchingInstruction(TacGeneration.kt:128)
	at org.ton.tac.TacGenerationKt.processInstruction(TacGeneration.kt:94)
	at org.ton.tac.TacGenerationKt.generateTacCodeBlock(TacGeneration.kt:43)
	at org.ton.tac.TacGenerationKt.generateTacCodeBlock$default(TacGeneration.kt:27)
	at org.ton.tac.ContinuationKt.extractOperandContinuations(Continuation.kt:44)
	at org.ton.tac.TacGenerationKt.handleBranchingInstruction(TacGeneration.kt:161)
	at org.ton.tac.TacGenerationKt.processInstruction(TacGeneration.kt:94)
	at org.ton.tac.TacGenerationKt.generateTacCodeBlock(TacGeneration.kt:43)
	at org.ton.tac.TacGenerationKt.generateTacCodeBlock$default(TacGeneration.kt:27)
	at org.ton.tac.TacGenerationKt.generateTacContractCodeInternal(TacGeneration.kt:512)
	at org.ton.tac.TacGenerationKt.generateTacContractCode(TacGeneration.kt:531)
	at org.ton.disasm.TacDisassemblerCommand.run(Main.kt:136)
	at com.github.ajalt.clikt.parsers.Parser.finalizeAndRun(Parser.kt:348)
	at com.github.ajalt.clikt.parsers.Parser.parse(Parser.kt:218)
	at com.github.ajalt.clikt.parsers.Parser.parse(Parser.kt:245)
	at com.github.ajalt.clikt.parsers.Parser.parse(Parser.kt:42)
	at com.github.ajalt.clikt.core.CliktCommand.parse(CliktCommand.kt:457)
	at com.github.ajalt.clikt.core.CliktCommand.parse$default(CliktCommand.kt:454)
	at com.github.ajalt.clikt.core.CliktCommand.main(CliktCommand.kt:474)
	at com.github.ajalt.clikt.core.CliktCommand.main(CliktCommand.kt:481)
	at org.ton.disasm.MainKt.main(Main.kt:152)

FAILURE: Build failed with an exception.

* What went wrong:
Execution failed for task ':tvm-disasm-cli:run'.
> Process 'command 'C:\Program Files\Java\jdk-21\bin\java.exe'' finished with non-zero exit value 1

* Try:
> Run with --stacktrace option to get the stack trace.
> Run with --info or --debug option to get more log output.
> Run with --scan to get full insights.
> Get more help at https://help.gradle.org.

BUILD FAILED in 17s

========================================

--- ADDRESS: EQBLZJv_DGlRJ-HqSY2yjmmGiRspStQ2G-akZVQWAcr7pUFt ---
ERROR: Decompilation failed at 'IFELSE': Incompatible states after branches merging at label 'label_0':
> Task :buildSrc:checkKotlinGradlePluginConfigurationErrors
> Task :buildSrc:generateExternalPluginSpecBuilders UP-TO-DATE
> Task :buildSrc:extractPrecompiledScriptPluginPlugins UP-TO-DATE
> Task :buildSrc:compilePluginsBlocks UP-TO-DATE
> Task :buildSrc:generatePrecompiledScriptPluginAccessors UP-TO-DATE
> Task :buildSrc:generateScriptPluginAdapters UP-TO-DATE
> Task :buildSrc:compileKotlin UP-TO-DATE
> Task :buildSrc:compileJava NO-SOURCE
> Task :buildSrc:compileGroovy NO-SOURCE
> Task :buildSrc:pluginDescriptors UP-TO-DATE
> Task :buildSrc:processResources UP-TO-DATE
> Task :buildSrc:classes UP-TO-DATE
> Task :buildSrc:jar UP-TO-DATE
> Task :tvm-disasm:checkKotlinGradlePluginConfigurationErrors SKIPPED
> Task :tvm-disasm:compileKotlin UP-TO-DATE
> Task :tvm-disasm:compileJava NO-SOURCE
> Task :tvm-disasm:processResources UP-TO-DATE
> Task :tvm-disasm:classes UP-TO-DATE
> Task :tvm-disasm:jar UP-TO-DATE
> Task :tvm-disasm-cli:checkKotlinGradlePluginConfigurationErrors SKIPPED
> Task :tvm-disasm:generateInstructionsKt
> Task :tvm-opcodes:checkKotlinGradlePluginConfigurationErrors SKIPPED
> Task :tvm-opcodes:compileKotlin UP-TO-DATE
> Task :tvm-opcodes:compileJava NO-SOURCE
> Task :tvm-tac:checkKotlinGradlePluginConfigurationErrors SKIPPED
> Task :tvm-tac:compileKotlin UP-TO-DATE
> Task :tvm-tac:compileJava NO-SOURCE
> Task :tvm-utils:checkKotlinGradlePluginConfigurationErrors SKIPPED
> Task :tvm-utils:compileKotlin UP-TO-DATE
> Task :tvm-utils:compileJava NO-SOURCE
> Task :tvm-disasm-cli:compileKotlin UP-TO-DATE
> Task :tvm-disasm-cli:compileJava NO-SOURCE
> Task :tvm-disasm-cli:processResources UP-TO-DATE
> Task :tvm-disasm-cli:classes UP-TO-DATE
> Task :tvm-opcodes:processResources UP-TO-DATE
> Task :tvm-opcodes:classes UP-TO-DATE
> Task :tvm-opcodes:jar UP-TO-DATE
> Task :tvm-tac:processResources NO-SOURCE
> Task :tvm-tac:classes UP-TO-DATE
> Task :tvm-tac:jar UP-TO-DATE
> Task :tvm-utils:processResources NO-SOURCE
> Task :tvm-utils:classes UP-TO-DATE
> Task :tvm-utils:jar UP-TO-DATE

> Task :tvm-disasm-cli:run

> Task :tvm-disasm-cli:run FAILED
24 actionable tasks: 3 executed, 21 up-to-date
Exception in thread "main" java.lang.IllegalStateException: Decompilation failed at 'IFELSE': Incompatible states after branches merging at label 'label_0':
Stack mismatch at index 15: TacVar(name=var_169, valueTypes=[INT], value=null) vs TacVar(name=b2_176, valueTypes=[BUILDER], value=null)
	at org.ton.tac.TacGenerationKt.generateControlFlowInstructions(TacGeneration.kt:452)
	at org.ton.tac.TacGenerationKt.handleBranchingInstruction(TacGeneration.kt:166)
	at org.ton.tac.TacGenerationKt.processInstruction(TacGeneration.kt:94)
	at org.ton.tac.TacGenerationKt.generateTacCodeBlock(TacGeneration.kt:43)
	at org.ton.tac.TacGenerationKt.generateTacCodeBlock$default(TacGeneration.kt:27)
	at org.ton.tac.ContinuationKt.extractOperandContinuations(Continuation.kt:44)
	at org.ton.tac.TacGenerationKt.handleBranchingInstruction(TacGeneration.kt:161)
	at org.ton.tac.TacGenerationKt.processInstruction(TacGeneration.kt:94)
	at org.ton.tac.TacGenerationKt.generateTacCodeBlock(TacGeneration.kt:43)
	at org.ton.tac.TacGenerationKt.generateTacCodeBlock$default(TacGeneration.kt:27)
	at org.ton.tac.ContinuationKt.extractOperandContinuations(Continuation.kt:44)
	at org.ton.tac.TacGenerationKt.handleBranchingInstruction(TacGeneration.kt:161)
	at org.ton.tac.TacGenerationKt.processInstruction(TacGeneration.kt:94)
	at org.ton.tac.TacGenerationKt.generateTacCodeBlock(TacGeneration.kt:43)
	at org.ton.tac.TacGenerationKt.generateTacCodeBlock$default(TacGeneration.kt:27)
	at org.ton.tac.TacGenerationKt.generateTacContractCodeInternal(TacGeneration.kt:512)
	at org.ton.tac.TacGenerationKt.generateTacContractCode(TacGeneration.kt:531)
	at org.ton.disasm.TacDisassemblerCommand.run(Main.kt:136)
	at com.github.ajalt.clikt.parsers.Parser.finalizeAndRun(Parser.kt:348)
	at com.github.ajalt.clikt.parsers.Parser.parse(Parser.kt:218)
	at com.github.ajalt.clikt.parsers.Parser.parse(Parser.kt:245)
	at com.github.ajalt.clikt.parsers.Parser.parse(Parser.kt:42)
	at com.github.ajalt.clikt.core.CliktCommand.parse(CliktCommand.kt:457)
	at com.github.ajalt.clikt.core.CliktCommand.parse$default(CliktCommand.kt:454)
	at com.github.ajalt.clikt.core.CliktCommand.main(CliktCommand.kt:474)
	at com.github.ajalt.clikt.core.CliktCommand.main(CliktCommand.kt:481)
	at org.ton.disasm.MainKt.main(Main.kt:152)

FAILURE: Build failed with an exception.

* What went wrong:
Execution failed for task ':tvm-disasm-cli:run'.
> Process 'command 'C:\Program Files\Java\jdk-21\bin\java.exe'' finished with non-zero exit value 1

* Try:
> Run with --stacktrace option to get the stack trace.
> Run with --info or --debug option to get more log output.
> Run with --scan to get full insights.
> Get more help at https://help.gradle.org.

BUILD FAILED in 23s

========================================

--- ADDRESS: EQAYv0g2SZl8Q4QYyLCVB4Qg2uWYNpDtVsTlofXPv7WIUcia ---
ERROR: Exception in thread "main" kotlin.NotImplementedError: An operation is not implemented: in RETALT branch isn't type variable
> Task :buildSrc:checkKotlinGradlePluginConfigurationErrors
> Task :buildSrc:generateExternalPluginSpecBuilders UP-TO-DATE
> Task :buildSrc:extractPrecompiledScriptPluginPlugins UP-TO-DATE
> Task :buildSrc:compilePluginsBlocks UP-TO-DATE
> Task :buildSrc:generatePrecompiledScriptPluginAccessors UP-TO-DATE
> Task :buildSrc:generateScriptPluginAdapters UP-TO-DATE
> Task :buildSrc:compileKotlin UP-TO-DATE
> Task :buildSrc:compileJava NO-SOURCE
> Task :buildSrc:compileGroovy NO-SOURCE
> Task :buildSrc:pluginDescriptors UP-TO-DATE
> Task :buildSrc:processResources UP-TO-DATE
> Task :buildSrc:classes UP-TO-DATE
> Task :buildSrc:jar UP-TO-DATE
> Task :tvm-disasm:checkKotlinGradlePluginConfigurationErrors SKIPPED
> Task :tvm-disasm:compileKotlin UP-TO-DATE
> Task :tvm-disasm:compileJava NO-SOURCE
> Task :tvm-disasm:processResources UP-TO-DATE
> Task :tvm-disasm:classes UP-TO-DATE
> Task :tvm-disasm:jar UP-TO-DATE
> Task :tvm-disasm-cli:checkKotlinGradlePluginConfigurationErrors SKIPPED
> Task :tvm-disasm:generateInstructionsKt
> Task :tvm-opcodes:checkKotlinGradlePluginConfigurationErrors SKIPPED
> Task :tvm-opcodes:compileKotlin UP-TO-DATE
> Task :tvm-opcodes:compileJava NO-SOURCE
> Task :tvm-tac:checkKotlinGradlePluginConfigurationErrors SKIPPED
> Task :tvm-tac:compileKotlin UP-TO-DATE
> Task :tvm-tac:compileJava NO-SOURCE
> Task :tvm-utils:checkKotlinGradlePluginConfigurationErrors SKIPPED
> Task :tvm-utils:compileKotlin UP-TO-DATE
> Task :tvm-utils:compileJava NO-SOURCE
> Task :tvm-disasm-cli:compileKotlin UP-TO-DATE
> Task :tvm-disasm-cli:compileJava NO-SOURCE
> Task :tvm-disasm-cli:processResources UP-TO-DATE
> Task :tvm-disasm-cli:classes UP-TO-DATE
> Task :tvm-opcodes:processResources UP-TO-DATE
> Task :tvm-opcodes:classes UP-TO-DATE
> Task :tvm-opcodes:jar UP-TO-DATE
> Task :tvm-tac:processResources NO-SOURCE
> Task :tvm-tac:classes UP-TO-DATE
> Task :tvm-tac:jar UP-TO-DATE
> Task :tvm-utils:processResources NO-SOURCE
> Task :tvm-utils:classes UP-TO-DATE
> Task :tvm-utils:jar UP-TO-DATE

> Task :tvm-disasm-cli:run

> Task :tvm-disasm-cli:run FAILED
24 actionable tasks: 3 executed, 21 up-to-date
Exception in thread "main" kotlin.NotImplementedError: An operation is not implemented: in RETALT branch isn't type variable
	at org.ton.tac.ContinuationKt.throwErrorIfBranchesNotTypeVar(Continuation.kt:149)
	at org.ton.tac.TacGenerationKt.handleBranchingInstruction(TacGeneration.kt:128)
	at org.ton.tac.TacGenerationKt.processInstruction(TacGeneration.kt:94)
	at org.ton.tac.TacGenerationKt.generateTacCodeBlock(TacGeneration.kt:43)
	at org.ton.tac.TacGenerationKt.generateTacCodeBlock$default(TacGeneration.kt:27)
	at org.ton.tac.ContinuationKt.extractOperandContinuations(Continuation.kt:44)
	at org.ton.tac.TacGenerationKt.handleBranchingInstruction(TacGeneration.kt:161)
	at org.ton.tac.TacGenerationKt.processInstruction(TacGeneration.kt:94)
	at org.ton.tac.TacGenerationKt.generateTacCodeBlock(TacGeneration.kt:43)
	at org.ton.tac.TacGenerationKt.generateTacCodeBlock$default(TacGeneration.kt:27)
	at org.ton.tac.ContinuationKt.extractOperandContinuations(Continuation.kt:44)
	at org.ton.tac.TacGenerationKt.handleBranchingInstruction(TacGeneration.kt:161)
	at org.ton.tac.TacGenerationKt.processInstruction(TacGeneration.kt:94)
	at org.ton.tac.TacGenerationKt.generateTacCodeBlock(TacGeneration.kt:43)
	at org.ton.tac.TacGenerationKt.generateTacCodeBlock$default(TacGeneration.kt:27)
	at org.ton.tac.ContinuationKt.extractOperandContinuations(Continuation.kt:44)
	at org.ton.tac.TacGenerationKt.handleBranchingInstruction(TacGeneration.kt:161)
	at org.ton.tac.TacGenerationKt.processInstruction(TacGeneration.kt:94)
	at org.ton.tac.TacGenerationKt.generateTacCodeBlock(TacGeneration.kt:43)
	at org.ton.tac.TacGenerationKt.generateTacCodeBlock$default(TacGeneration.kt:27)
	at org.ton.tac.TacGenerationKt.generateTacContractCodeInternal(TacGeneration.kt:502)
	at org.ton.tac.TacGenerationKt.generateTacContractCode(TacGeneration.kt:531)
	at org.ton.disasm.TacDisassemblerCommand.run(Main.kt:136)
	at com.github.ajalt.clikt.parsers.Parser.finalizeAndRun(Parser.kt:348)
	at com.github.ajalt.clikt.parsers.Parser.parse(Parser.kt:218)
	at com.github.ajalt.clikt.parsers.Parser.parse(Parser.kt:245)
	at com.github.ajalt.clikt.parsers.Parser.parse(Parser.kt:42)
	at com.github.ajalt.clikt.core.CliktCommand.parse(CliktCommand.kt:457)
	at com.github.ajalt.clikt.core.CliktCommand.parse$default(CliktCommand.kt:454)
	at com.github.ajalt.clikt.core.CliktCommand.main(CliktCommand.kt:474)
	at com.github.ajalt.clikt.core.CliktCommand.main(CliktCommand.kt:481)
	at org.ton.disasm.MainKt.main(Main.kt:152)

FAILURE: Build failed with an exception.

* What went wrong:
Execution failed for task ':tvm-disasm-cli:run'.
> Process 'command 'C:\Program Files\Java\jdk-21\bin\java.exe'' finished with non-zero exit value 1

* Try:
> Run with --stacktrace option to get the stack trace.
> Run with --info or --debug option to get more log output.
> Run with --scan to get full insights.
> Get more help at https://help.gradle.org.

BUILD FAILED in 28s

========================================

--- ADDRESS: EQAvJuEln0lP8c2YMZ4sKGwQRt_kmxmC494v8Y4TTHgOasKJ ---
ERROR: Exception in thread "main" kotlin.NotImplementedError: An operation is not implemented: in RETALT branch isn't type variable
> Task :buildSrc:checkKotlinGradlePluginConfigurationErrors
> Task :buildSrc:generateExternalPluginSpecBuilders UP-TO-DATE
> Task :buildSrc:extractPrecompiledScriptPluginPlugins UP-TO-DATE
> Task :buildSrc:compilePluginsBlocks UP-TO-DATE
> Task :buildSrc:generatePrecompiledScriptPluginAccessors UP-TO-DATE
> Task :buildSrc:generateScriptPluginAdapters UP-TO-DATE
> Task :buildSrc:compileKotlin UP-TO-DATE
> Task :buildSrc:compileJava NO-SOURCE
> Task :buildSrc:compileGroovy NO-SOURCE
> Task :buildSrc:pluginDescriptors UP-TO-DATE
> Task :buildSrc:processResources UP-TO-DATE
> Task :buildSrc:classes UP-TO-DATE
> Task :buildSrc:jar UP-TO-DATE
> Task :tvm-disasm:checkKotlinGradlePluginConfigurationErrors SKIPPED
> Task :tvm-disasm:compileKotlin UP-TO-DATE
> Task :tvm-disasm:compileJava NO-SOURCE
> Task :tvm-disasm:processResources UP-TO-DATE
> Task :tvm-disasm:classes UP-TO-DATE
> Task :tvm-disasm:jar UP-TO-DATE
> Task :tvm-disasm-cli:checkKotlinGradlePluginConfigurationErrors SKIPPED
> Task :tvm-disasm:generateInstructionsKt
> Task :tvm-opcodes:checkKotlinGradlePluginConfigurationErrors SKIPPED
> Task :tvm-opcodes:compileKotlin UP-TO-DATE
> Task :tvm-opcodes:compileJava NO-SOURCE
> Task :tvm-tac:checkKotlinGradlePluginConfigurationErrors SKIPPED
> Task :tvm-tac:compileKotlin UP-TO-DATE
> Task :tvm-tac:compileJava NO-SOURCE
> Task :tvm-utils:checkKotlinGradlePluginConfigurationErrors SKIPPED
> Task :tvm-utils:compileKotlin UP-TO-DATE
> Task :tvm-utils:compileJava NO-SOURCE
> Task :tvm-disasm-cli:compileKotlin UP-TO-DATE
> Task :tvm-disasm-cli:compileJava NO-SOURCE
> Task :tvm-disasm-cli:processResources UP-TO-DATE
> Task :tvm-disasm-cli:classes UP-TO-DATE
> Task :tvm-opcodes:processResources UP-TO-DATE
> Task :tvm-opcodes:classes UP-TO-DATE
> Task :tvm-opcodes:jar UP-TO-DATE
> Task :tvm-tac:processResources NO-SOURCE
> Task :tvm-tac:classes UP-TO-DATE
> Task :tvm-tac:jar UP-TO-DATE
> Task :tvm-utils:processResources NO-SOURCE
> Task :tvm-utils:classes UP-TO-DATE
> Task :tvm-utils:jar UP-TO-DATE

> Task :tvm-disasm-cli:run

> Task :tvm-disasm-cli:run FAILED
24 actionable tasks: 3 executed, 21 up-to-date
Exception in thread "main" kotlin.NotImplementedError: An operation is not implemented: in RETALT branch isn't type variable
	at org.ton.tac.ContinuationKt.throwErrorIfBranchesNotTypeVar(Continuation.kt:149)
	at org.ton.tac.TacGenerationKt.handleBranchingInstruction(TacGeneration.kt:128)
	at org.ton.tac.TacGenerationKt.processInstruction(TacGeneration.kt:94)
	at org.ton.tac.TacGenerationKt.generateTacCodeBlock(TacGeneration.kt:43)
	at org.ton.tac.TacGenerationKt.generateTacCodeBlock$default(TacGeneration.kt:27)
	at org.ton.tac.ContinuationKt.extractOperandContinuations(Continuation.kt:44)
	at org.ton.tac.PushContHandler.handle(TacInstructionHandlers.kt:443)
	at org.ton.tac.TacGenerationKt.processInstruction(TacGeneration.kt:99)
	at org.ton.tac.TacGenerationKt.generateTacCodeBlock(TacGeneration.kt:43)
	at org.ton.tac.TacGenerationKt.generateTacCodeBlock$default(TacGeneration.kt:27)
	at org.ton.tac.ContinuationKt.extractOperandContinuations(Continuation.kt:44)
	at org.ton.tac.TacGenerationKt.handleBranchingInstruction(TacGeneration.kt:161)
	at org.ton.tac.TacGenerationKt.processInstruction(TacGeneration.kt:94)
	at org.ton.tac.TacGenerationKt.generateTacCodeBlock(TacGeneration.kt:43)
	at org.ton.tac.TacGenerationKt.generateTacCodeBlock$default(TacGeneration.kt:27)
	at org.ton.tac.ContinuationKt.extractOperandContinuations(Continuation.kt:44)
	at org.ton.tac.TacGenerationKt.handleBranchingInstruction(TacGeneration.kt:161)
	at org.ton.tac.TacGenerationKt.processInstruction(TacGeneration.kt:94)
	at org.ton.tac.TacGenerationKt.generateTacCodeBlock(TacGeneration.kt:43)
	at org.ton.tac.TacGenerationKt.generateTacCodeBlock$default(TacGeneration.kt:27)
	at org.ton.tac.TacGenerationKt.generateTacContractCodeInternal(TacGeneration.kt:502)
	at org.ton.tac.TacGenerationKt.generateTacContractCode(TacGeneration.kt:531)
	at org.ton.disasm.TacDisassemblerCommand.run(Main.kt:136)
	at com.github.ajalt.clikt.parsers.Parser.finalizeAndRun(Parser.kt:348)
	at com.github.ajalt.clikt.parsers.Parser.parse(Parser.kt:218)
	at com.github.ajalt.clikt.parsers.Parser.parse(Parser.kt:245)
	at com.github.ajalt.clikt.parsers.Parser.parse(Parser.kt:42)
	at com.github.ajalt.clikt.core.CliktCommand.parse(CliktCommand.kt:457)
	at com.github.ajalt.clikt.core.CliktCommand.parse$default(CliktCommand.kt:454)
	at com.github.ajalt.clikt.core.CliktCommand.main(CliktCommand.kt:474)
	at com.github.ajalt.clikt.core.CliktCommand.main(CliktCommand.kt:481)
	at org.ton.disasm.MainKt.main(Main.kt:152)

FAILURE: Build failed with an exception.

* What went wrong:
Execution failed for task ':tvm-disasm-cli:run'.
> Process 'command 'C:\Program Files\Java\jdk-21\bin\java.exe'' finished with non-zero exit value 1

* Try:
> Run with --stacktrace option to get the stack trace.
> Run with --info or --debug option to get more log output.
> Run with --scan to get full insights.
> Get more help at https://help.gradle.org.

BUILD FAILED in 46s

========================================

--- ADDRESS: EQB8oLv6ZUz9J_bgX9UkdMiWRZDKAPgesH2TI-qPCE1nsfEB ---
ERROR: Exception in thread "main" kotlin.NotImplementedError: An operation is not implemented: in IFRET branch isn't type variable
> Task :buildSrc:checkKotlinGradlePluginConfigurationErrors
> Task :buildSrc:generateExternalPluginSpecBuilders UP-TO-DATE
> Task :buildSrc:extractPrecompiledScriptPluginPlugins UP-TO-DATE
> Task :buildSrc:compilePluginsBlocks UP-TO-DATE
> Task :buildSrc:generatePrecompiledScriptPluginAccessors UP-TO-DATE
> Task :buildSrc:generateScriptPluginAdapters UP-TO-DATE
> Task :buildSrc:compileKotlin UP-TO-DATE
> Task :buildSrc:compileJava NO-SOURCE
> Task :buildSrc:compileGroovy NO-SOURCE
> Task :buildSrc:pluginDescriptors UP-TO-DATE
> Task :buildSrc:processResources UP-TO-DATE
> Task :buildSrc:classes UP-TO-DATE
> Task :buildSrc:jar UP-TO-DATE
> Task :tvm-disasm:checkKotlinGradlePluginConfigurationErrors SKIPPED
> Task :tvm-disasm:compileKotlin UP-TO-DATE
> Task :tvm-disasm:compileJava NO-SOURCE
> Task :tvm-disasm:processResources UP-TO-DATE
> Task :tvm-disasm:classes UP-TO-DATE
> Task :tvm-disasm:jar UP-TO-DATE
> Task :tvm-disasm-cli:checkKotlinGradlePluginConfigurationErrors SKIPPED
> Task :tvm-disasm:generateInstructionsKt
> Task :tvm-opcodes:checkKotlinGradlePluginConfigurationErrors SKIPPED
> Task :tvm-opcodes:compileKotlin UP-TO-DATE
> Task :tvm-opcodes:compileJava NO-SOURCE
> Task :tvm-tac:checkKotlinGradlePluginConfigurationErrors SKIPPED
> Task :tvm-tac:compileKotlin UP-TO-DATE
> Task :tvm-tac:compileJava NO-SOURCE
> Task :tvm-utils:checkKotlinGradlePluginConfigurationErrors SKIPPED
> Task :tvm-utils:compileKotlin UP-TO-DATE
> Task :tvm-utils:compileJava NO-SOURCE
> Task :tvm-disasm-cli:compileKotlin UP-TO-DATE
> Task :tvm-disasm-cli:compileJava NO-SOURCE
> Task :tvm-disasm-cli:processResources UP-TO-DATE
> Task :tvm-disasm-cli:classes UP-TO-DATE
> Task :tvm-opcodes:processResources UP-TO-DATE
> Task :tvm-opcodes:classes UP-TO-DATE
> Task :tvm-opcodes:jar UP-TO-DATE
> Task :tvm-tac:processResources NO-SOURCE
> Task :tvm-tac:classes UP-TO-DATE
> Task :tvm-tac:jar UP-TO-DATE
> Task :tvm-utils:processResources NO-SOURCE
> Task :tvm-utils:classes UP-TO-DATE
> Task :tvm-utils:jar UP-TO-DATE

> Task :tvm-disasm-cli:run

> Task :tvm-disasm-cli:run FAILED
24 actionable tasks: 3 executed, 21 up-to-date
Exception in thread "main" kotlin.NotImplementedError: An operation is not implemented: in IFRET branch isn't type variable
	at org.ton.tac.ContinuationKt.throwErrorIfBranchesNotTypeVar(Continuation.kt:149)
	at org.ton.tac.TacGenerationKt.handleBranchingInstruction(TacGeneration.kt:128)
	at org.ton.tac.TacGenerationKt.processInstruction(TacGeneration.kt:94)
	at org.ton.tac.TacGenerationKt.generateTacCodeBlock(TacGeneration.kt:43)
	at org.ton.tac.TacGenerationKt.generateTacCodeBlock$default(TacGeneration.kt:27)
	at org.ton.tac.ContinuationKt.extractOperandContinuations(Continuation.kt:44)
	at org.ton.tac.TacGenerationKt.handleBranchingInstruction(TacGeneration.kt:161)
	at org.ton.tac.TacGenerationKt.processInstruction(TacGeneration.kt:94)
	at org.ton.tac.TacGenerationKt.generateTacCodeBlock(TacGeneration.kt:43)
	at org.ton.tac.TacGenerationKt.generateTacCodeBlock$default(TacGeneration.kt:27)
	at org.ton.tac.TacGenerationKt.generateTacContractCodeInternal(TacGeneration.kt:502)
	at org.ton.tac.TacGenerationKt.generateTacContractCode(TacGeneration.kt:531)
	at org.ton.disasm.TacDisassemblerCommand.run(Main.kt:136)
	at com.github.ajalt.clikt.parsers.Parser.finalizeAndRun(Parser.kt:348)
	at com.github.ajalt.clikt.parsers.Parser.parse(Parser.kt:218)
	at com.github.ajalt.clikt.parsers.Parser.parse(Parser.kt:245)
	at com.github.ajalt.clikt.parsers.Parser.parse(Parser.kt:42)
	at com.github.ajalt.clikt.core.CliktCommand.parse(CliktCommand.kt:457)
	at com.github.ajalt.clikt.core.CliktCommand.parse$default(CliktCommand.kt:454)
	at com.github.ajalt.clikt.core.CliktCommand.main(CliktCommand.kt:474)
	at com.github.ajalt.clikt.core.CliktCommand.main(CliktCommand.kt:481)
	at org.ton.disasm.MainKt.main(Main.kt:152)

FAILURE: Build failed with an exception.

* What went wrong:
Execution failed for task ':tvm-disasm-cli:run'.
> Process 'command 'C:\Program Files\Java\jdk-21\bin\java.exe'' finished with non-zero exit value 1

* Try:
> Run with --stacktrace option to get the stack trace.
> Run with --info or --debug option to get more log output.
> Run with --scan to get full insights.
> Get more help at https://help.gradle.org.

BUILD FAILED in 23s

========================================

--- ADDRESS: EQBgFtCZB_mTec1HnIYwFPw2BMb2QcgT7S9NB7xstQrYR_ve ---
ERROR: Exception in thread "main" kotlin.NotImplementedError: An operation is not implemented: in RETALT branch isn't type variable
> Task :buildSrc:checkKotlinGradlePluginConfigurationErrors
> Task :buildSrc:generateExternalPluginSpecBuilders UP-TO-DATE
> Task :buildSrc:extractPrecompiledScriptPluginPlugins UP-TO-DATE
> Task :buildSrc:compilePluginsBlocks UP-TO-DATE
> Task :buildSrc:generatePrecompiledScriptPluginAccessors UP-TO-DATE
> Task :buildSrc:generateScriptPluginAdapters UP-TO-DATE
> Task :buildSrc:compileKotlin UP-TO-DATE
> Task :buildSrc:compileJava NO-SOURCE
> Task :buildSrc:compileGroovy NO-SOURCE
> Task :buildSrc:pluginDescriptors UP-TO-DATE
> Task :buildSrc:processResources UP-TO-DATE
> Task :buildSrc:classes UP-TO-DATE
> Task :buildSrc:jar UP-TO-DATE
> Task :tvm-disasm:checkKotlinGradlePluginConfigurationErrors SKIPPED
> Task :tvm-disasm:compileKotlin UP-TO-DATE
> Task :tvm-disasm:compileJava NO-SOURCE
> Task :tvm-disasm:processResources UP-TO-DATE
> Task :tvm-disasm:classes UP-TO-DATE
> Task :tvm-disasm:jar UP-TO-DATE
> Task :tvm-disasm-cli:checkKotlinGradlePluginConfigurationErrors SKIPPED
> Task :tvm-disasm:generateInstructionsKt
> Task :tvm-opcodes:checkKotlinGradlePluginConfigurationErrors SKIPPED
> Task :tvm-opcodes:compileKotlin UP-TO-DATE
> Task :tvm-opcodes:compileJava NO-SOURCE
> Task :tvm-tac:checkKotlinGradlePluginConfigurationErrors SKIPPED
> Task :tvm-tac:compileKotlin UP-TO-DATE
> Task :tvm-tac:compileJava NO-SOURCE
> Task :tvm-utils:checkKotlinGradlePluginConfigurationErrors SKIPPED
> Task :tvm-utils:compileKotlin UP-TO-DATE
> Task :tvm-utils:compileJava NO-SOURCE
> Task :tvm-disasm-cli:compileKotlin UP-TO-DATE
> Task :tvm-disasm-cli:compileJava NO-SOURCE
> Task :tvm-disasm-cli:processResources UP-TO-DATE
> Task :tvm-disasm-cli:classes UP-TO-DATE
> Task :tvm-opcodes:processResources UP-TO-DATE
> Task :tvm-opcodes:classes UP-TO-DATE
> Task :tvm-opcodes:jar UP-TO-DATE
> Task :tvm-tac:processResources NO-SOURCE
> Task :tvm-tac:classes UP-TO-DATE
> Task :tvm-tac:jar UP-TO-DATE
> Task :tvm-utils:processResources NO-SOURCE
> Task :tvm-utils:classes UP-TO-DATE
> Task :tvm-utils:jar UP-TO-DATE

> Task :tvm-disasm-cli:run FAILED
24 actionable tasks: 3 executed, 21 up-to-date
Exception in thread "main" kotlin.NotImplementedError: An operation is not implemented: in RETALT branch isn't type variable
	at org.ton.tac.ContinuationKt.throwErrorIfBranchesNotTypeVar(Continuation.kt:149)
	at org.ton.tac.TacGenerationKt.handleBranchingInstruction(TacGeneration.kt:128)
	at org.ton.tac.TacGenerationKt.processInstruction(TacGeneration.kt:94)
	at org.ton.tac.TacGenerationKt.generateTacCodeBlock(TacGeneration.kt:43)
	at org.ton.tac.TacGenerationKt.generateTacCodeBlock$default(TacGeneration.kt:27)
	at org.ton.tac.ContinuationKt.extractOperandContinuations(Continuation.kt:44)
	at org.ton.tac.PushContHandler.handle(TacInstructionHandlers.kt:443)
	at org.ton.tac.TacGenerationKt.processInstruction(TacGeneration.kt:99)
	at org.ton.tac.TacGenerationKt.generateTacCodeBlock(TacGeneration.kt:43)
	at org.ton.tac.TacGenerationKt.generateTacCodeBlock$default(TacGeneration.kt:27)
	at org.ton.tac.ContinuationKt.extractOperandContinuations(Continuation.kt:44)
	at org.ton.tac.PushContHandler.handle(TacInstructionHandlers.kt:443)
	at org.ton.tac.TacGenerationKt.processInstruction(TacGeneration.kt:99)
	at org.ton.tac.TacGenerationKt.generateTacCodeBlock(TacGeneration.kt:43)
	at org.ton.tac.TacGenerationKt.generateTacCodeBlock$default(TacGeneration.kt:27)
	at org.ton.tac.TacGenerationKt.generateTacContractCodeInternal(TacGeneration.kt:512)
	at org.ton.tac.TacGenerationKt.generateTacContractCode(TacGeneration.kt:531)
	at org.ton.disasm.TacDisassemblerCommand.run(Main.kt:136)
	at com.github.ajalt.clikt.parsers.Parser.finalizeAndRun(Parser.kt:348)
	at com.github.ajalt.clikt.parsers.Parser.parse(Parser.kt:218)
	at com.github.ajalt.clikt.parsers.Parser.parse(Parser.kt:245)
	at com.github.ajalt.clikt.parsers.Parser.parse(Parser.kt:42)
	at com.github.ajalt.clikt.core.CliktCommand.parse(CliktCommand.kt:457)
	at com.github.ajalt.clikt.core.CliktCommand.parse$default(CliktCommand.kt:454)
	at com.github.ajalt.clikt.core.CliktCommand.main(CliktCommand.kt:474)
	at com.github.ajalt.clikt.core.CliktCommand.main(CliktCommand.kt:481)
	at org.ton.disasm.MainKt.main(Main.kt:152)

FAILURE: Build failed with an exception.

* What went wrong:
Execution failed for task ':tvm-disasm-cli:run'.
> Process 'command 'C:\Program Files\Java\jdk-21\bin\java.exe'' finished with non-zero exit value 1

* Try:
> Run with --stacktrace option to get the stack trace.
> Run with --info or --debug option to get more log output.
> Run with --scan to get full insights.
> Get more help at https://help.gradle.org.

BUILD FAILED in 16s

========================================

--- ADDRESS: EQAIGty7LY_d7TZbCvr2raCovijQVci4oM_JwpbZ-C5YQq3F ---
ERROR: Exception in thread "main" kotlin.NotImplementedError: An operation is not implemented: in RETALT branch isn't type variable
> Task :buildSrc:checkKotlinGradlePluginConfigurationErrors
> Task :buildSrc:generateExternalPluginSpecBuilders UP-TO-DATE
> Task :buildSrc:extractPrecompiledScriptPluginPlugins UP-TO-DATE
> Task :buildSrc:compilePluginsBlocks UP-TO-DATE
> Task :buildSrc:generatePrecompiledScriptPluginAccessors UP-TO-DATE
> Task :buildSrc:generateScriptPluginAdapters UP-TO-DATE
> Task :buildSrc:compileKotlin UP-TO-DATE
> Task :buildSrc:compileJava NO-SOURCE
> Task :buildSrc:compileGroovy NO-SOURCE
> Task :buildSrc:pluginDescriptors UP-TO-DATE
> Task :buildSrc:processResources UP-TO-DATE
> Task :buildSrc:classes UP-TO-DATE
> Task :buildSrc:jar UP-TO-DATE
> Task :tvm-disasm:checkKotlinGradlePluginConfigurationErrors SKIPPED
> Task :tvm-disasm:compileKotlin UP-TO-DATE
> Task :tvm-disasm:compileJava NO-SOURCE
> Task :tvm-disasm:processResources UP-TO-DATE
> Task :tvm-disasm:classes UP-TO-DATE
> Task :tvm-disasm:jar UP-TO-DATE
> Task :tvm-disasm-cli:checkKotlinGradlePluginConfigurationErrors SKIPPED
> Task :tvm-disasm:generateInstructionsKt
> Task :tvm-opcodes:checkKotlinGradlePluginConfigurationErrors SKIPPED
> Task :tvm-opcodes:compileKotlin UP-TO-DATE
> Task :tvm-opcodes:compileJava NO-SOURCE
> Task :tvm-tac:checkKotlinGradlePluginConfigurationErrors SKIPPED
> Task :tvm-tac:compileKotlin UP-TO-DATE
> Task :tvm-tac:compileJava NO-SOURCE
> Task :tvm-utils:checkKotlinGradlePluginConfigurationErrors SKIPPED
> Task :tvm-utils:compileKotlin UP-TO-DATE
> Task :tvm-utils:compileJava NO-SOURCE
> Task :tvm-disasm-cli:compileKotlin UP-TO-DATE
> Task :tvm-disasm-cli:compileJava NO-SOURCE
> Task :tvm-disasm-cli:processResources UP-TO-DATE
> Task :tvm-disasm-cli:classes UP-TO-DATE
> Task :tvm-opcodes:processResources UP-TO-DATE
> Task :tvm-opcodes:classes UP-TO-DATE
> Task :tvm-opcodes:jar UP-TO-DATE
> Task :tvm-tac:processResources NO-SOURCE
> Task :tvm-tac:classes UP-TO-DATE
> Task :tvm-tac:jar UP-TO-DATE
> Task :tvm-utils:processResources NO-SOURCE
> Task :tvm-utils:classes UP-TO-DATE
> Task :tvm-utils:jar UP-TO-DATE

> Task :tvm-disasm-cli:run

> Task :tvm-disasm-cli:run FAILED
24 actionable tasks: 3 executed, 21 up-to-date
Exception in thread "main" kotlin.NotImplementedError: An operation is not implemented: in RETALT branch isn't type variable
	at org.ton.tac.ContinuationKt.throwErrorIfBranchesNotTypeVar(Continuation.kt:149)
	at org.ton.tac.TacGenerationKt.handleBranchingInstruction(TacGeneration.kt:128)
	at org.ton.tac.TacGenerationKt.processInstruction(TacGeneration.kt:94)
	at org.ton.tac.TacGenerationKt.generateTacCodeBlock(TacGeneration.kt:43)
	at org.ton.tac.TacGenerationKt.generateTacCodeBlock$default(TacGeneration.kt:27)
	at org.ton.tac.ContinuationKt.extractOperandContinuations(Continuation.kt:44)
	at org.ton.tac.TacGenerationKt.handleBranchingInstruction(TacGeneration.kt:161)
	at org.ton.tac.TacGenerationKt.processInstruction(TacGeneration.kt:94)
	at org.ton.tac.TacGenerationKt.generateTacCodeBlock(TacGeneration.kt:43)
	at org.ton.tac.TacGenerationKt.generateTacCodeBlock$default(TacGeneration.kt:27)
	at org.ton.tac.ContinuationKt.extractOperandContinuations(Continuation.kt:44)
	at org.ton.tac.PushContHandler.handle(TacInstructionHandlers.kt:443)
	at org.ton.tac.TacGenerationKt.processInstruction(TacGeneration.kt:99)
	at org.ton.tac.TacGenerationKt.generateTacCodeBlock(TacGeneration.kt:43)
	at org.ton.tac.TacGenerationKt.generateTacCodeBlock$default(TacGeneration.kt:27)
	at org.ton.tac.ContinuationKt.extractOperandContinuations(Continuation.kt:44)
	at org.ton.tac.PushContHandler.handle(TacInstructionHandlers.kt:443)
	at org.ton.tac.TacGenerationKt.processInstruction(TacGeneration.kt:99)
	at org.ton.tac.TacGenerationKt.generateTacCodeBlock(TacGeneration.kt:43)
	at org.ton.tac.TacGenerationKt.generateTacCodeBlock$default(TacGeneration.kt:27)
	at org.ton.tac.ContinuationKt.processCallDict(Continuation.kt:85)
	at org.ton.tac.CallDictHandler.handle(TacInstructionHandlers.kt:483)
	at org.ton.tac.TacGenerationKt.processInstruction(TacGeneration.kt:99)
	at org.ton.tac.TacGenerationKt.generateTacCodeBlock(TacGeneration.kt:43)
	at org.ton.tac.TacGenerationKt.generateTacCodeBlock$default(TacGeneration.kt:27)
	at org.ton.tac.ContinuationKt.extractOperandContinuations(Continuation.kt:44)
	at org.ton.tac.PushContHandler.handle(TacInstructionHandlers.kt:443)
	at org.ton.tac.TacGenerationKt.processInstruction(TacGeneration.kt:99)
	at org.ton.tac.TacGenerationKt.generateTacCodeBlock(TacGeneration.kt:43)
	at org.ton.tac.TacGenerationKt.generateTacCodeBlock$default(TacGeneration.kt:27)
	at org.ton.tac.TacGenerationKt.generateTacContractCodeInternal(TacGeneration.kt:512)
	at org.ton.tac.TacGenerationKt.generateTacContractCode(TacGeneration.kt:531)
	at org.ton.disasm.TacDisassemblerCommand.run(Main.kt:136)
	at com.github.ajalt.clikt.parsers.Parser.finalizeAndRun(Parser.kt:348)
	at com.github.ajalt.clikt.parsers.Parser.parse(Parser.kt:218)
	at com.github.ajalt.clikt.parsers.Parser.parse(Parser.kt:245)
	at com.github.ajalt.clikt.parsers.Parser.parse(Parser.kt:42)
	at com.github.ajalt.clikt.core.CliktCommand.parse(CliktCommand.kt:457)
	at com.github.ajalt.clikt.core.CliktCommand.parse$default(CliktCommand.kt:454)
	at com.github.ajalt.clikt.core.CliktCommand.main(CliktCommand.kt:474)
	at com.github.ajalt.clikt.core.CliktCommand.main(CliktCommand.kt:481)
	at org.ton.disasm.MainKt.main(Main.kt:152)

FAILURE: Build failed with an exception.

* What went wrong:
Execution failed for task ':tvm-disasm-cli:run'.
> Process 'command 'C:\Program Files\Java\jdk-21\bin\java.exe'' finished with non-zero exit value 1

* Try:
> Run with --stacktrace option to get the stack trace.
> Run with --info or --debug option to get more log output.
> Run with --scan to get full insights.
> Get more help at https://help.gradle.org.

BUILD FAILED in 12s

========================================

--- ADDRESS: EQAwy4Ii9ESPXKox4f0urNVkQY1JZ4AMHVJacEi2LpbxPQw7 ---
ERROR: Recursive CALLDICT detected for method 55
> Task :buildSrc:checkKotlinGradlePluginConfigurationErrors
> Task :buildSrc:generateExternalPluginSpecBuilders UP-TO-DATE
> Task :buildSrc:extractPrecompiledScriptPluginPlugins UP-TO-DATE
> Task :buildSrc:compilePluginsBlocks UP-TO-DATE
> Task :buildSrc:generatePrecompiledScriptPluginAccessors UP-TO-DATE
> Task :buildSrc:generateScriptPluginAdapters UP-TO-DATE
> Task :buildSrc:compileKotlin UP-TO-DATE
> Task :buildSrc:compileJava NO-SOURCE
> Task :buildSrc:compileGroovy NO-SOURCE
> Task :buildSrc:pluginDescriptors UP-TO-DATE
> Task :buildSrc:processResources UP-TO-DATE
> Task :buildSrc:classes UP-TO-DATE
> Task :buildSrc:jar UP-TO-DATE
> Task :tvm-disasm:checkKotlinGradlePluginConfigurationErrors SKIPPED
> Task :tvm-disasm:compileKotlin UP-TO-DATE
> Task :tvm-disasm:compileJava NO-SOURCE
> Task :tvm-disasm:processResources UP-TO-DATE
> Task :tvm-disasm:classes UP-TO-DATE
> Task :tvm-disasm:jar UP-TO-DATE
> Task :tvm-disasm-cli:checkKotlinGradlePluginConfigurationErrors SKIPPED
> Task :tvm-disasm:generateInstructionsKt
> Task :tvm-opcodes:checkKotlinGradlePluginConfigurationErrors SKIPPED
> Task :tvm-opcodes:compileKotlin UP-TO-DATE
> Task :tvm-opcodes:compileJava NO-SOURCE
> Task :tvm-tac:checkKotlinGradlePluginConfigurationErrors SKIPPED
> Task :tvm-tac:compileKotlin UP-TO-DATE
> Task :tvm-tac:compileJava NO-SOURCE
> Task :tvm-utils:checkKotlinGradlePluginConfigurationErrors SKIPPED
> Task :tvm-utils:compileKotlin UP-TO-DATE
> Task :tvm-utils:compileJava NO-SOURCE
> Task :tvm-disasm-cli:compileKotlin UP-TO-DATE
> Task :tvm-disasm-cli:compileJava NO-SOURCE
> Task :tvm-disasm-cli:processResources UP-TO-DATE
> Task :tvm-disasm-cli:classes UP-TO-DATE
> Task :tvm-opcodes:processResources UP-TO-DATE
> Task :tvm-opcodes:classes UP-TO-DATE
> Task :tvm-opcodes:jar UP-TO-DATE
> Task :tvm-tac:processResources NO-SOURCE
> Task :tvm-tac:classes UP-TO-DATE
> Task :tvm-tac:jar UP-TO-DATE
> Task :tvm-utils:processResources NO-SOURCE
> Task :tvm-utils:classes UP-TO-DATE
> Task :tvm-utils:jar UP-TO-DATE

> Task :tvm-disasm-cli:run FAILED
24 actionable tasks: 3 executed, 21 up-to-date
Exception in thread "main" java.lang.IllegalStateException: Recursive CALLDICT detected for method 55
	at org.ton.tac.ContinuationKt.processCallDict(Continuation.kt:81)
	at org.ton.tac.CallDictHandler.handle(TacInstructionHandlers.kt:483)
	at org.ton.tac.TacGenerationKt.processInstruction(TacGeneration.kt:99)
	at org.ton.tac.TacGenerationKt.generateTacCodeBlock(TacGeneration.kt:43)
	at org.ton.tac.TacGenerationKt.generateTacCodeBlock$default(TacGeneration.kt:27)
	at org.ton.tac.ContinuationKt.extractOperandContinuations(Continuation.kt:44)
	at org.ton.tac.PushContHandler.handle(TacInstructionHandlers.kt:443)
	at org.ton.tac.TacGenerationKt.processInstruction(TacGeneration.kt:99)
	at org.ton.tac.TacGenerationKt.generateTacCodeBlock(TacGeneration.kt:43)
	at org.ton.tac.TacGenerationKt.generateTacCodeBlock$default(TacGeneration.kt:27)
	at org.ton.tac.ContinuationKt.processCallDict(Continuation.kt:85)
	at org.ton.tac.CallDictHandler.handle(TacInstructionHandlers.kt:483)
	at org.ton.tac.TacGenerationKt.processInstruction(TacGeneration.kt:99)
	at org.ton.tac.TacGenerationKt.generateTacCodeBlock(TacGeneration.kt:43)
	at org.ton.tac.TacGenerationKt.generateTacCodeBlock$default(TacGeneration.kt:27)
	at org.ton.tac.ContinuationKt.extractOperandContinuations(Continuation.kt:44)
	at org.ton.tac.PushContHandler.handle(TacInstructionHandlers.kt:443)
	at org.ton.tac.TacGenerationKt.processInstruction(TacGeneration.kt:99)
	at org.ton.tac.TacGenerationKt.generateTacCodeBlock(TacGeneration.kt:43)
	at org.ton.tac.TacGenerationKt.generateTacCodeBlock$default(TacGeneration.kt:27)
	at org.ton.tac.TacGenerationKt.generateTacContractCodeInternal(TacGeneration.kt:512)
	at org.ton.tac.TacGenerationKt.generateTacContractCode(TacGeneration.kt:531)
	at org.ton.disasm.TacDisassemblerCommand.run(Main.kt:136)
	at com.github.ajalt.clikt.parsers.Parser.finalizeAndRun(Parser.kt:348)
	at com.github.ajalt.clikt.parsers.Parser.parse(Parser.kt:218)
	at com.github.ajalt.clikt.parsers.Parser.parse(Parser.kt:245)
	at com.github.ajalt.clikt.parsers.Parser.parse(Parser.kt:42)
	at com.github.ajalt.clikt.core.CliktCommand.parse(CliktCommand.kt:457)
	at com.github.ajalt.clikt.core.CliktCommand.parse$default(CliktCommand.kt:454)
	at com.github.ajalt.clikt.core.CliktCommand.main(CliktCommand.kt:474)
	at com.github.ajalt.clikt.core.CliktCommand.main(CliktCommand.kt:481)
	at org.ton.disasm.MainKt.main(Main.kt:152)

FAILURE: Build failed with an exception.

* What went wrong:
Execution failed for task ':tvm-disasm-cli:run'.
> Process 'command 'C:\Program Files\Java\jdk-21\bin\java.exe'' finished with non-zero exit value 1

* Try:
> Run with --stacktrace option to get the stack trace.
> Run with --info or --debug option to get more log output.
> Run with --scan to get full insights.
> Get more help at https://help.gradle.org.

BUILD FAILED in 12s

========================================

--- ADDRESS: EQAOr5zueJ9LxgNPHpYyH-E4ILf1lTuOkE8LK48Qr5wfcun- ---
ERROR: Exception in thread "main" kotlin.NotImplementedError: An operation is not implemented: Control flow of instruction WHILE not supported
> Task :buildSrc:checkKotlinGradlePluginConfigurationErrors
> Task :buildSrc:generateExternalPluginSpecBuilders UP-TO-DATE
> Task :buildSrc:extractPrecompiledScriptPluginPlugins UP-TO-DATE
> Task :buildSrc:compilePluginsBlocks UP-TO-DATE
> Task :buildSrc:generatePrecompiledScriptPluginAccessors UP-TO-DATE
> Task :buildSrc:generateScriptPluginAdapters UP-TO-DATE
> Task :buildSrc:compileKotlin UP-TO-DATE
> Task :buildSrc:compileJava NO-SOURCE
> Task :buildSrc:compileGroovy NO-SOURCE
> Task :buildSrc:pluginDescriptors UP-TO-DATE
> Task :buildSrc:processResources UP-TO-DATE
> Task :buildSrc:classes UP-TO-DATE
> Task :buildSrc:jar UP-TO-DATE
> Task :tvm-disasm:checkKotlinGradlePluginConfigurationErrors SKIPPED
> Task :tvm-disasm:compileKotlin UP-TO-DATE
> Task :tvm-disasm:compileJava NO-SOURCE
> Task :tvm-disasm:processResources UP-TO-DATE
> Task :tvm-disasm:classes UP-TO-DATE
> Task :tvm-disasm:jar UP-TO-DATE
> Task :tvm-disasm-cli:checkKotlinGradlePluginConfigurationErrors SKIPPED
> Task :tvm-disasm:generateInstructionsKt
> Task :tvm-opcodes:checkKotlinGradlePluginConfigurationErrors SKIPPED
> Task :tvm-opcodes:compileKotlin UP-TO-DATE
> Task :tvm-opcodes:compileJava NO-SOURCE
> Task :tvm-tac:checkKotlinGradlePluginConfigurationErrors SKIPPED
> Task :tvm-tac:compileKotlin UP-TO-DATE
> Task :tvm-tac:compileJava NO-SOURCE
> Task :tvm-utils:checkKotlinGradlePluginConfigurationErrors SKIPPED
> Task :tvm-utils:compileKotlin UP-TO-DATE
> Task :tvm-utils:compileJava NO-SOURCE
> Task :tvm-disasm-cli:compileKotlin UP-TO-DATE
> Task :tvm-disasm-cli:compileJava NO-SOURCE
> Task :tvm-disasm-cli:processResources UP-TO-DATE
> Task :tvm-disasm-cli:classes UP-TO-DATE
> Task :tvm-opcodes:processResources UP-TO-DATE
> Task :tvm-opcodes:classes UP-TO-DATE
> Task :tvm-opcodes:jar UP-TO-DATE
> Task :tvm-tac:processResources NO-SOURCE
> Task :tvm-tac:classes UP-TO-DATE
> Task :tvm-tac:jar UP-TO-DATE
> Task :tvm-utils:processResources NO-SOURCE
> Task :tvm-utils:classes UP-TO-DATE
> Task :tvm-utils:jar UP-TO-DATE

> Task :tvm-disasm-cli:run

> Task :tvm-disasm-cli:run FAILED
24 actionable tasks: 3 executed, 21 up-to-date
Exception in thread "main" kotlin.NotImplementedError: An operation is not implemented: Control flow of instruction WHILE not supported
	at org.ton.tac.TacGenerationKt.validateBranchStructure(TacGeneration.kt:283)
	at org.ton.tac.TacGenerationKt.handleBranchingInstruction(TacGeneration.kt:149)
	at org.ton.tac.TacGenerationKt.processInstruction(TacGeneration.kt:94)
	at org.ton.tac.TacGenerationKt.generateTacCodeBlock(TacGeneration.kt:43)
	at org.ton.tac.TacGenerationKt.generateTacCodeBlock$default(TacGeneration.kt:27)
	at org.ton.tac.ContinuationKt.extractOperandContinuations(Continuation.kt:44)
	at org.ton.tac.PushContHandler.handle(TacInstructionHandlers.kt:443)
	at org.ton.tac.TacGenerationKt.processInstruction(TacGeneration.kt:99)
	at org.ton.tac.TacGenerationKt.generateTacCodeBlock(TacGeneration.kt:43)
	at org.ton.tac.TacGenerationKt.generateTacCodeBlock$default(TacGeneration.kt:27)
	at org.ton.tac.TacGenerationKt.generateTacContractCodeInternal(TacGeneration.kt:512)
	at org.ton.tac.TacGenerationKt.generateTacContractCode(TacGeneration.kt:531)
	at org.ton.disasm.TacDisassemblerCommand.run(Main.kt:136)
	at com.github.ajalt.clikt.parsers.Parser.finalizeAndRun(Parser.kt:348)
	at com.github.ajalt.clikt.parsers.Parser.parse(Parser.kt:218)
	at com.github.ajalt.clikt.parsers.Parser.parse(Parser.kt:245)
	at com.github.ajalt.clikt.parsers.Parser.parse(Parser.kt:42)
	at com.github.ajalt.clikt.core.CliktCommand.parse(CliktCommand.kt:457)
	at com.github.ajalt.clikt.core.CliktCommand.parse$default(CliktCommand.kt:454)
	at com.github.ajalt.clikt.core.CliktCommand.main(CliktCommand.kt:474)
	at com.github.ajalt.clikt.core.CliktCommand.main(CliktCommand.kt:481)
	at org.ton.disasm.MainKt.main(Main.kt:152)

FAILURE: Build failed with an exception.

* What went wrong:
Execution failed for task ':tvm-disasm-cli:run'.
> Process 'command 'C:\Program Files\Java\jdk-21\bin\java.exe'' finished with non-zero exit value 1

* Try:
> Run with --stacktrace option to get the stack trace.
> Run with --info or --debug option to get more log output.
> Run with --scan to get full insights.
> Get more help at https://help.gradle.org.

BUILD FAILED in 12s

========================================

--- ADDRESS: EQAp4cnXG1qn9CqdKj5FAeo2LGoCE-08GCxbKRCdxnW2rswc ---
ERROR: Exception in thread "main" kotlin.NotImplementedError: An operation is not implemented: in RETALT branch isn't type variable
> Task :buildSrc:checkKotlinGradlePluginConfigurationErrors
> Task :buildSrc:generateExternalPluginSpecBuilders UP-TO-DATE
> Task :buildSrc:extractPrecompiledScriptPluginPlugins UP-TO-DATE
> Task :buildSrc:compilePluginsBlocks UP-TO-DATE
> Task :buildSrc:generatePrecompiledScriptPluginAccessors UP-TO-DATE
> Task :buildSrc:generateScriptPluginAdapters UP-TO-DATE
> Task :buildSrc:compileKotlin UP-TO-DATE
> Task :buildSrc:compileJava NO-SOURCE
> Task :buildSrc:compileGroovy NO-SOURCE
> Task :buildSrc:pluginDescriptors UP-TO-DATE
> Task :buildSrc:processResources UP-TO-DATE
> Task :buildSrc:classes UP-TO-DATE
> Task :buildSrc:jar UP-TO-DATE
> Task :tvm-disasm:checkKotlinGradlePluginConfigurationErrors SKIPPED
> Task :tvm-disasm:compileKotlin UP-TO-DATE
> Task :tvm-disasm:compileJava NO-SOURCE
> Task :tvm-disasm:processResources UP-TO-DATE
> Task :tvm-disasm:classes UP-TO-DATE
> Task :tvm-disasm:jar UP-TO-DATE
> Task :tvm-disasm-cli:checkKotlinGradlePluginConfigurationErrors SKIPPED
> Task :tvm-disasm:generateInstructionsKt
> Task :tvm-opcodes:checkKotlinGradlePluginConfigurationErrors SKIPPED
> Task :tvm-opcodes:compileKotlin UP-TO-DATE
> Task :tvm-opcodes:compileJava NO-SOURCE
> Task :tvm-tac:checkKotlinGradlePluginConfigurationErrors SKIPPED
> Task :tvm-tac:compileKotlin UP-TO-DATE
> Task :tvm-tac:compileJava NO-SOURCE
> Task :tvm-utils:checkKotlinGradlePluginConfigurationErrors SKIPPED
> Task :tvm-utils:compileKotlin UP-TO-DATE
> Task :tvm-utils:compileJava NO-SOURCE
> Task :tvm-disasm-cli:compileKotlin UP-TO-DATE
> Task :tvm-disasm-cli:compileJava NO-SOURCE
> Task :tvm-disasm-cli:processResources UP-TO-DATE
> Task :tvm-disasm-cli:classes UP-TO-DATE
> Task :tvm-opcodes:processResources UP-TO-DATE
> Task :tvm-opcodes:classes UP-TO-DATE
> Task :tvm-opcodes:jar UP-TO-DATE
> Task :tvm-tac:processResources NO-SOURCE
> Task :tvm-tac:classes UP-TO-DATE
> Task :tvm-tac:jar UP-TO-DATE
> Task :tvm-utils:processResources NO-SOURCE
> Task :tvm-utils:classes UP-TO-DATE
> Task :tvm-utils:jar UP-TO-DATE

> Task :tvm-disasm-cli:run FAILED
24 actionable tasks: 3 executed, 21 up-to-date
Exception in thread "main" kotlin.NotImplementedError: An operation is not implemented: in RETALT branch isn't type variable
	at org.ton.tac.ContinuationKt.throwErrorIfBranchesNotTypeVar(Continuation.kt:149)
	at org.ton.tac.TacGenerationKt.handleBranchingInstruction(TacGeneration.kt:128)
	at org.ton.tac.TacGenerationKt.processInstruction(TacGeneration.kt:94)
	at org.ton.tac.TacGenerationKt.generateTacCodeBlock(TacGeneration.kt:43)
	at org.ton.tac.TacGenerationKt.generateTacCodeBlock$default(TacGeneration.kt:27)
	at org.ton.tac.ContinuationKt.extractOperandContinuations(Continuation.kt:44)
	at org.ton.tac.PushContHandler.handle(TacInstructionHandlers.kt:443)
	at org.ton.tac.TacGenerationKt.processInstruction(TacGeneration.kt:99)
	at org.ton.tac.TacGenerationKt.generateTacCodeBlock(TacGeneration.kt:43)
	at org.ton.tac.TacGenerationKt.generateTacCodeBlock$default(TacGeneration.kt:27)
	at org.ton.tac.ContinuationKt.extractOperandContinuations(Continuation.kt:44)
	at org.ton.tac.TacGenerationKt.handleBranchingInstruction(TacGeneration.kt:161)
	at org.ton.tac.TacGenerationKt.processInstruction(TacGeneration.kt:94)
	at org.ton.tac.TacGenerationKt.generateTacCodeBlock(TacGeneration.kt:43)
	at org.ton.tac.TacGenerationKt.generateTacCodeBlock$default(TacGeneration.kt:27)
	at org.ton.tac.TacGenerationKt.generateTacContractCodeInternal(TacGeneration.kt:512)
	at org.ton.tac.TacGenerationKt.generateTacContractCode(TacGeneration.kt:531)
	at org.ton.disasm.TacDisassemblerCommand.run(Main.kt:136)
	at com.github.ajalt.clikt.parsers.Parser.finalizeAndRun(Parser.kt:348)
	at com.github.ajalt.clikt.parsers.Parser.parse(Parser.kt:218)
	at com.github.ajalt.clikt.parsers.Parser.parse(Parser.kt:245)
	at com.github.ajalt.clikt.parsers.Parser.parse(Parser.kt:42)
	at com.github.ajalt.clikt.core.CliktCommand.parse(CliktCommand.kt:457)
	at com.github.ajalt.clikt.core.CliktCommand.parse$default(CliktCommand.kt:454)
	at com.github.ajalt.clikt.core.CliktCommand.main(CliktCommand.kt:474)
	at com.github.ajalt.clikt.core.CliktCommand.main(CliktCommand.kt:481)
	at org.ton.disasm.MainKt.main(Main.kt:152)

FAILURE: Build failed with an exception.

* What went wrong:
Execution failed for task ':tvm-disasm-cli:run'.
> Process 'command 'C:\Program Files\Java\jdk-21\bin\java.exe'' finished with non-zero exit value 1

* Try:
> Run with --stacktrace option to get the stack trace.
> Run with --info or --debug option to get more log output.
> Run with --scan to get full insights.
> Get more help at https://help.gradle.org.

BUILD FAILED in 10s

========================================

--- ADDRESS: EQAkKGnI-WvcUSrD4scx2jIX2_5cDdhNWFctjqKREaFtrFZU ---
ERROR: Exception in thread "main" kotlin.NotImplementedError: An operation is not implemented: in RETALT branch isn't type variable
> Task :buildSrc:checkKotlinGradlePluginConfigurationErrors
> Task :buildSrc:generateExternalPluginSpecBuilders UP-TO-DATE
> Task :buildSrc:extractPrecompiledScriptPluginPlugins UP-TO-DATE
> Task :buildSrc:compilePluginsBlocks UP-TO-DATE
> Task :buildSrc:generatePrecompiledScriptPluginAccessors UP-TO-DATE
> Task :buildSrc:generateScriptPluginAdapters UP-TO-DATE
> Task :buildSrc:compileKotlin UP-TO-DATE
> Task :buildSrc:compileJava NO-SOURCE
> Task :buildSrc:compileGroovy NO-SOURCE
> Task :buildSrc:pluginDescriptors UP-TO-DATE
> Task :buildSrc:processResources UP-TO-DATE
> Task :buildSrc:classes UP-TO-DATE
> Task :buildSrc:jar UP-TO-DATE
> Task :tvm-disasm:checkKotlinGradlePluginConfigurationErrors SKIPPED
> Task :tvm-disasm:compileKotlin UP-TO-DATE
> Task :tvm-disasm:compileJava NO-SOURCE
> Task :tvm-disasm:processResources UP-TO-DATE
> Task :tvm-disasm:classes UP-TO-DATE
> Task :tvm-disasm:jar UP-TO-DATE
> Task :tvm-disasm-cli:checkKotlinGradlePluginConfigurationErrors SKIPPED
> Task :tvm-disasm:generateInstructionsKt
> Task :tvm-opcodes:checkKotlinGradlePluginConfigurationErrors SKIPPED
> Task :tvm-opcodes:compileKotlin UP-TO-DATE
> Task :tvm-opcodes:compileJava NO-SOURCE
> Task :tvm-tac:checkKotlinGradlePluginConfigurationErrors SKIPPED
> Task :tvm-tac:compileKotlin UP-TO-DATE
> Task :tvm-tac:compileJava NO-SOURCE
> Task :tvm-utils:checkKotlinGradlePluginConfigurationErrors SKIPPED
> Task :tvm-utils:compileKotlin UP-TO-DATE
> Task :tvm-utils:compileJava NO-SOURCE
> Task :tvm-disasm-cli:compileKotlin UP-TO-DATE
> Task :tvm-disasm-cli:compileJava NO-SOURCE
> Task :tvm-disasm-cli:processResources UP-TO-DATE
> Task :tvm-disasm-cli:classes UP-TO-DATE
> Task :tvm-opcodes:processResources UP-TO-DATE
> Task :tvm-opcodes:classes UP-TO-DATE
> Task :tvm-opcodes:jar UP-TO-DATE
> Task :tvm-tac:processResources NO-SOURCE
> Task :tvm-tac:classes UP-TO-DATE
> Task :tvm-tac:jar UP-TO-DATE
> Task :tvm-utils:processResources NO-SOURCE
> Task :tvm-utils:classes UP-TO-DATE
> Task :tvm-utils:jar UP-TO-DATE

> Task :tvm-disasm-cli:run

> Task :tvm-disasm-cli:run FAILED
24 actionable tasks: 3 executed, 21 up-to-date
Exception in thread "main" kotlin.NotImplementedError: An operation is not implemented: in RETALT branch isn't type variable
	at org.ton.tac.ContinuationKt.throwErrorIfBranchesNotTypeVar(Continuation.kt:149)
	at org.ton.tac.TacGenerationKt.handleBranchingInstruction(TacGeneration.kt:128)
	at org.ton.tac.TacGenerationKt.processInstruction(TacGeneration.kt:94)
	at org.ton.tac.TacGenerationKt.generateTacCodeBlock(TacGeneration.kt:43)
	at org.ton.tac.TacGenerationKt.generateTacCodeBlock$default(TacGeneration.kt:27)
	at org.ton.tac.ContinuationKt.extractOperandContinuations(Continuation.kt:44)
	at org.ton.tac.TacGenerationKt.handleBranchingInstruction(TacGeneration.kt:161)
	at org.ton.tac.TacGenerationKt.processInstruction(TacGeneration.kt:94)
	at org.ton.tac.TacGenerationKt.generateTacCodeBlock(TacGeneration.kt:43)
	at org.ton.tac.TacGenerationKt.generateTacCodeBlock$default(TacGeneration.kt:27)
	at org.ton.tac.ContinuationKt.extractOperandContinuations(Continuation.kt:44)
	at org.ton.tac.PushContHandler.handle(TacInstructionHandlers.kt:443)
	at org.ton.tac.TacGenerationKt.processInstruction(TacGeneration.kt:99)
	at org.ton.tac.TacGenerationKt.generateTacCodeBlock(TacGeneration.kt:43)
	at org.ton.tac.TacGenerationKt.generateTacCodeBlock$default(TacGeneration.kt:27)
	at org.ton.tac.ContinuationKt.extractOperandContinuations(Continuation.kt:44)
	at org.ton.tac.PushContHandler.handle(TacInstructionHandlers.kt:443)
	at org.ton.tac.TacGenerationKt.processInstruction(TacGeneration.kt:99)
	at org.ton.tac.TacGenerationKt.generateTacCodeBlock(TacGeneration.kt:43)
	at org.ton.tac.TacGenerationKt.generateTacCodeBlock$default(TacGeneration.kt:27)
	at org.ton.tac.ContinuationKt.processCallDict(Continuation.kt:85)
	at org.ton.tac.CallDictHandler.handle(TacInstructionHandlers.kt:483)
	at org.ton.tac.TacGenerationKt.processInstruction(TacGeneration.kt:99)
	at org.ton.tac.TacGenerationKt.generateTacCodeBlock(TacGeneration.kt:43)
	at org.ton.tac.TacGenerationKt.generateTacCodeBlock$default(TacGeneration.kt:27)
	at org.ton.tac.ContinuationKt.extractOperandContinuations(Continuation.kt:44)
	at org.ton.tac.PushContHandler.handle(TacInstructionHandlers.kt:443)
	at org.ton.tac.TacGenerationKt.processInstruction(TacGeneration.kt:99)
	at org.ton.tac.TacGenerationKt.generateTacCodeBlock(TacGeneration.kt:43)
	at org.ton.tac.TacGenerationKt.generateTacCodeBlock$default(TacGeneration.kt:27)
	at org.ton.tac.TacGenerationKt.generateTacContractCodeInternal(TacGeneration.kt:512)
	at org.ton.tac.TacGenerationKt.generateTacContractCode(TacGeneration.kt:531)
	at org.ton.disasm.TacDisassemblerCommand.run(Main.kt:136)
	at com.github.ajalt.clikt.parsers.Parser.finalizeAndRun(Parser.kt:348)
	at com.github.ajalt.clikt.parsers.Parser.parse(Parser.kt:218)
	at com.github.ajalt.clikt.parsers.Parser.parse(Parser.kt:245)
	at com.github.ajalt.clikt.parsers.Parser.parse(Parser.kt:42)
	at com.github.ajalt.clikt.core.CliktCommand.parse(CliktCommand.kt:457)
	at com.github.ajalt.clikt.core.CliktCommand.parse$default(CliktCommand.kt:454)
	at com.github.ajalt.clikt.core.CliktCommand.main(CliktCommand.kt:474)
	at com.github.ajalt.clikt.core.CliktCommand.main(CliktCommand.kt:481)
	at org.ton.disasm.MainKt.main(Main.kt:152)

FAILURE: Build failed with an exception.

* What went wrong:
Execution failed for task ':tvm-disasm-cli:run'.
> Process 'command 'C:\Program Files\Java\jdk-21\bin\java.exe'' finished with non-zero exit value 1

* Try:
> Run with --stacktrace option to get the stack trace.
> Run with --info or --debug option to get more log output.
> Run with --scan to get full insights.
> Get more help at https://help.gradle.org.

BUILD FAILED in 12s

========================================

--- ADDRESS: EQCMNfURiLBvB-JscYn76qtBVSCCYJtHpk0-aCBDuprUkDh1 ---
ERROR: Decompilation failed at 'IFELSE': Incompatible states after branches merging at label 'label_0':
> Task :buildSrc:checkKotlinGradlePluginConfigurationErrors
> Task :buildSrc:generateExternalPluginSpecBuilders UP-TO-DATE
> Task :buildSrc:extractPrecompiledScriptPluginPlugins UP-TO-DATE
> Task :buildSrc:compilePluginsBlocks UP-TO-DATE
> Task :buildSrc:generatePrecompiledScriptPluginAccessors UP-TO-DATE
> Task :buildSrc:generateScriptPluginAdapters UP-TO-DATE
> Task :buildSrc:compileKotlin UP-TO-DATE
> Task :buildSrc:compileJava NO-SOURCE
> Task :buildSrc:compileGroovy NO-SOURCE
> Task :buildSrc:pluginDescriptors UP-TO-DATE
> Task :buildSrc:processResources UP-TO-DATE
> Task :buildSrc:classes UP-TO-DATE
> Task :buildSrc:jar UP-TO-DATE
> Task :tvm-disasm:checkKotlinGradlePluginConfigurationErrors SKIPPED
> Task :tvm-disasm:compileKotlin UP-TO-DATE
> Task :tvm-disasm:compileJava NO-SOURCE
> Task :tvm-disasm:processResources UP-TO-DATE
> Task :tvm-disasm:classes UP-TO-DATE
> Task :tvm-disasm:jar UP-TO-DATE
> Task :tvm-disasm-cli:checkKotlinGradlePluginConfigurationErrors SKIPPED
> Task :tvm-disasm:generateInstructionsKt
> Task :tvm-opcodes:checkKotlinGradlePluginConfigurationErrors SKIPPED
> Task :tvm-opcodes:compileKotlin UP-TO-DATE
> Task :tvm-opcodes:compileJava NO-SOURCE
> Task :tvm-tac:checkKotlinGradlePluginConfigurationErrors SKIPPED
> Task :tvm-tac:compileKotlin UP-TO-DATE
> Task :tvm-tac:compileJava NO-SOURCE
> Task :tvm-utils:checkKotlinGradlePluginConfigurationErrors SKIPPED
> Task :tvm-utils:compileKotlin UP-TO-DATE
> Task :tvm-utils:compileJava NO-SOURCE
> Task :tvm-disasm-cli:compileKotlin UP-TO-DATE
> Task :tvm-disasm-cli:compileJava NO-SOURCE
> Task :tvm-disasm-cli:processResources UP-TO-DATE
> Task :tvm-disasm-cli:classes UP-TO-DATE
> Task :tvm-opcodes:processResources UP-TO-DATE
> Task :tvm-opcodes:classes UP-TO-DATE
> Task :tvm-opcodes:jar UP-TO-DATE
> Task :tvm-tac:processResources NO-SOURCE
> Task :tvm-tac:classes UP-TO-DATE
> Task :tvm-tac:jar UP-TO-DATE
> Task :tvm-utils:processResources NO-SOURCE
> Task :tvm-utils:classes UP-TO-DATE
> Task :tvm-utils:jar UP-TO-DATE

> Task :tvm-disasm-cli:run FAILED
24 actionable tasks: 3 executed, 21 up-to-date
Exception in thread "main" java.lang.IllegalStateException: Decompilation failed at 'IFELSE': Incompatible states after branches merging at label 'label_0':
Control register keys mismatch: missing in state2: [4]
	at org.ton.tac.TacGenerationKt.generateControlFlowInstructions(TacGeneration.kt:452)
	at org.ton.tac.TacGenerationKt.handleBranchingInstruction(TacGeneration.kt:166)
	at org.ton.tac.TacGenerationKt.processInstruction(TacGeneration.kt:94)
	at org.ton.tac.TacGenerationKt.generateTacCodeBlock(TacGeneration.kt:43)
	at org.ton.tac.TacGenerationKt.generateTacCodeBlock$default(TacGeneration.kt:27)
	at org.ton.tac.ContinuationKt.extractOperandContinuations(Continuation.kt:44)
	at org.ton.tac.PushContHandler.handle(TacInstructionHandlers.kt:443)
	at org.ton.tac.TacGenerationKt.processInstruction(TacGeneration.kt:99)
	at org.ton.tac.TacGenerationKt.generateTacCodeBlock(TacGeneration.kt:43)
	at org.ton.tac.TacGenerationKt.generateTacCodeBlock$default(TacGeneration.kt:27)
	at org.ton.tac.TacGenerationKt.generateTacContractCodeInternal(TacGeneration.kt:512)
	at org.ton.tac.TacGenerationKt.generateTacContractCode(TacGeneration.kt:531)
	at org.ton.disasm.TacDisassemblerCommand.run(Main.kt:136)
	at com.github.ajalt.clikt.parsers.Parser.finalizeAndRun(Parser.kt:348)
	at com.github.ajalt.clikt.parsers.Parser.parse(Parser.kt:218)
	at com.github.ajalt.clikt.parsers.Parser.parse(Parser.kt:245)
	at com.github.ajalt.clikt.parsers.Parser.parse(Parser.kt:42)
	at com.github.ajalt.clikt.core.CliktCommand.parse(CliktCommand.kt:457)
	at com.github.ajalt.clikt.core.CliktCommand.parse$default(CliktCommand.kt:454)
	at com.github.ajalt.clikt.core.CliktCommand.main(CliktCommand.kt:474)
	at com.github.ajalt.clikt.core.CliktCommand.main(CliktCommand.kt:481)
	at org.ton.disasm.MainKt.main(Main.kt:152)

FAILURE: Build failed with an exception.

* What went wrong:
Execution failed for task ':tvm-disasm-cli:run'.
> Process 'command 'C:\Program Files\Java\jdk-21\bin\java.exe'' finished with non-zero exit value 1

* Try:
> Run with --stacktrace option to get the stack trace.
> Run with --info or --debug option to get more log output.
> Run with --scan to get full insights.
> Get more help at https://help.gradle.org.

BUILD FAILED in 13s

========================================
